20230215 13:06:58 WARN  [main] log4j.Log4jDemo Log4jDemo.java13 - this is WARNING MESSAGE
20230215 13:06:58 ERROR [main] log4j.Log4jDemo Log4jDemo.java15 - this is ERROR MESSAGE
20230215 13:06:58 FATAL [main] log4j.Log4jDemo Log4jDemo.java16 - this is fatal message
20230215 14:24:48 ERROR [main] log4j.Log4jDemo Log4jDemo.java14 - this is ERROR MESSAGE
20230215 14:24:48 FATAL [main] log4j.Log4jDemo Log4jDemo.java15 - this is fatal message
20230215 14:24:48 WARN  [main] log4j.Log4jDemo Log4jDemo.java17 - this is WARNING MESSAGE
20230215 14:31:39 ERROR [main] log4j.Log4jDemo Log4jDemo.java14 - this is ERROR MESSAGE
20230215 14:31:48 FATAL [main] log4j.Log4jDemo Log4jDemo.java15 - this is fatal message
20230215 14:31:56 WARN  [main] log4j.Log4jDemo Log4jDemo.java17 - this is WARNING MESSAGE
20230215 14:32:41 ERROR [main] log4j.Log4jDemo Log4jDemo.java14 - this is ERROR MESSAGE
20230215 14:32:41 FATAL [main] log4j.Log4jDemo Log4jDemo.java15 - this is fatal message
20230215 14:32:41 WARN  [main] log4j.Log4jDemo Log4jDemo.java17 - this is WARNING MESSAGE
20230215 14:38:01 ERROR [main] log4j.Log4jDemo Log4jDemo.java15 - this is ERROR MESSAGE
20230215 14:38:01 FATAL [main] log4j.Log4jDemo Log4jDemo.java16 - this is fatal message
20230215 14:38:01 WARN  [main] log4j.Log4jDemo Log4jDemo.java18 - this is WARNING MESSAGE
20230215 14:49:28 ERROR [main] log4j.Log4jDemo Log4jDemo.java15 - error displayed
20230215 14:57:23 ERROR [main] log4j.Log4jDemo Log4jDemo.java16 - error displayed
20230215 15:00:40 DEBUG [main] log4j.Log4jDemo Log4jDemo.java13 - debug displayed
20230215 15:00:40 INFO  [main] log4j.Log4jDemo Log4jDemo.java14 - info displayed
20230215 15:00:40 WARN  [main] log4j.Log4jDemo Log4jDemo.java15 - warn displayed
20230215 15:00:40 ERROR [main] log4j.Log4jDemo Log4jDemo.java16 - error displayed
20230215 15:00:40 FATAL [main] log4j.Log4jDemo Log4jDemo.java17 - fatal displayed
20230215 22:04:32 INFO  [main] salesforceFWTest.BaseTest BaseTest.java39 - Testscript name = loginSuccess2
20230215 22:04:34 INFO  [main] salesforceFWTest.AutomationSF AutomationSF.java18 - loginSuccess2()
20230215 22:04:45 INFO  [main] salesforceFWTest.AutomationSF AutomationSF.java33 - Salesforce - Essentials EditionTestcase passed
20230215 22:06:50 INFO  [main] salesforceFWTest.BaseTest BaseTest.java39 - Testscript name = loginSuccess2
20230215 22:06:52 INFO  [main] salesforceFWTest.AutomationSF AutomationSF.java18 - loginSuccess2()
20230215 22:07:04 INFO  [main] salesforceFWTest.AutomationSF AutomationSF.java33 - Salesforce - Essentials EditionTestcase passed
20230215 22:07:04 INFO  [main] salesforceFWTest.BaseTest BaseTest.java104 - screenshot taken
20230215 22:08:50 INFO  [main] salesforceFWTest.BaseTest BaseTest.java39 - Testscript name = loginSuccess2
20230215 22:08:52 INFO  [main] salesforceFWTest.AutomationSF AutomationSF.java18 - loginSuccess2()
20230215 22:09:03 INFO  [main] salesforceFWTest.AutomationSF AutomationSF.java33 - Salesforce - Essentials EditionTestcase passed
20230215 22:09:03 INFO  [main] salesforceFWTest.BaseTest BaseTest.java104 - screenshot taken
20230216 18:47:08 INFO  [main] salesforceFWTest.BaseTest BaseTest.java39 - Testscript name = loginSuccess2
20230216 18:47:11 INFO  [main] salesforceFWTest.AutomationSF AutomationSF.java15 - loginSuccess2()
20230216 18:47:28 INFO  [main] salesforceFWTest.AutomationSF AutomationSF.java30 - Salesforce - Essentials EditionTestcase passed
20230216 18:47:28 INFO  [main] salesforceFWTest.BaseTest BaseTest.java104 - screenshot taken
20230216 20:16:55 INFO  [main] salesforceFWTest.BaseTest BaseTest.java39 - Testscript name = Error_login_salesforece1
20230216 20:16:57 INFO  [main] salesforceFWTest.AutomationSF AutomationSF.java17 -  inside Testcase
20230216 20:18:46 INFO  [main] salesforceFWTest.BaseTest BaseTest.java39 - Testscript name = Error_login_salesforece1
20230216 20:18:48 INFO  [main] salesforceFWTest.AutomationSF AutomationSF.java17 -  inside Testcase
20230216 20:19:33 INFO  [main] salesforceFWTest.BaseTest BaseTest.java39 - Testscript name = Error_login_salesforece1
20230216 20:19:35 INFO  [main] salesforceFWTest.AutomationSF AutomationSF.java17 -  inside Testcase
20230216 20:24:15 INFO  [main] salesforceFWTest.BaseTest BaseTest.java39 - Testscript name = Error_login_salesforece1
20230216 20:24:17 INFO  [main] salesforceFWTest.AutomationSF AutomationSF.java17 -  inside Testcase
20230216 20:28:22 INFO  [main] salesforceFWTest.BaseTest BaseTest.java39 - Testscript name = Error_login_salesforece1
20230216 20:29:54 INFO  [main] salesforceFWTest.AutomationSF AutomationSF.java17 -  inside Testcase
20230216 20:50:50 INFO  [main] salesforceFWTest.BaseTest BaseTest.java39 - Testscript name = Error_login_salesforece1
20230216 20:50:52 INFO  [main] salesforceFWTest.AutomationSF AutomationSF.java17 -  inside Testcase
20230216 20:52:42 INFO  [main] salesforceFWTest.BaseTest BaseTest.java39 - Testscript name = Error_login_salesforece1
20230216 20:54:58 INFO  [main] salesforceFWTest.BaseTest BaseTest.java39 - Testscript name = Error_login_salesforece1
20230216 20:55:00 INFO  [main] salesforceFWTest.AutomationSF AutomationSF.java17 -  inside Testcase
20230216 20:55:06 INFO  [main] salesforceFWTest.AutomationSF AutomationSF.java37 - Error_login_salesforece script passed
20230216 20:55:06 INFO  [main] salesforceFWTest.BaseTest BaseTest.java104 - screenshot taken
20230216 20:57:39 INFO  [main] salesforceFWTest.BaseTest BaseTest.java39 - Testscript name = Error_login_salesforece1
20230216 20:57:40 INFO  [main] salesforceFWTest.AutomationSF AutomationSF.java17 -  inside Testcase
20230216 20:57:47 ERROR [main] salesforceFWTest.AutomationSF AutomationSF.java37 - Please enter your password.
20230216 20:57:47 INFO  [main] salesforceFWTest.BaseTest BaseTest.java104 - screenshot taken
20230216 20:58:24 INFO  [main] salesforceFWTest.BaseTest BaseTest.java39 - Testscript name = Error_login_salesforece1
20230216 20:58:26 INFO  [main] salesforceFWTest.AutomationSF AutomationSF.java17 -  inside Testcase
20230216 20:58:32 ERROR [main] salesforceFWTest.AutomationSF AutomationSF.java37 - Please enter your password.
20230216 20:58:32 INFO  [main] salesforceFWTest.BaseTest BaseTest.java104 - screenshot taken
20230216 21:00:10 INFO  [main] salesforceFWTest.BaseTest BaseTest.java39 - Testscript name = Error_login_salesforece1
20230216 21:00:12 INFO  [main] salesforceFWTest.AutomationSF AutomationSF.java17 -  inside Testcase
20230216 21:00:15 INFO  [main] salesforceFWTest.AutomationSF AutomationSF.java24 - tag name from the username fieldinput
20230216 21:00:19 INFO  [main] salesforceFWTest.AutomationSF AutomationSF.java35 - Please enter your password.
20230216 21:00:19 INFO  [main] salesforceFWTest.BaseTest BaseTest.java104 - screenshot taken
20230216 22:59:59 INFO  [main] salesforceFWTest.BaseTest BaseTest.java39 - Testscript name = Error_login_salesforece1
20230216 23:01:29 INFO  [main] salesforceFWTest.BaseTest BaseTest.java44 - Testscript name = Error_login_salesforece1
20230216 23:01:31 INFO  [main] salesforceFWTest.AutomationSF AutomationSF.java17 -  inside Testcase
20230216 23:01:34 INFO  [main] salesforceFWTest.AutomationSF AutomationSF.java25 - tag name from the username fieldinput
20230216 23:01:37 ERROR [main] salesforceFWTest.AutomationSF AutomationSF.java36 - Please enter your password.
20230216 23:01:37 INFO  [main] salesforceFWTest.BaseTest BaseTest.java115 - screenshot taken
20230217 00:03:27 INFO  [main] salesforceFWTest.BaseTest BaseTest.java46 - Testscript name = Error_login_salesforece1
20230217 00:04:43 INFO  [main] salesforceFWTest.BaseTest BaseTest.java46 - Testscript name = Error_login_salesforece1
20230217 00:08:15 INFO  [main] salesforceFWTest.BaseTest BaseTest.java45 - Testscript name = Error_login_salesforece1
20230217 00:08:17 INFO  [main] salesforceFWTest.AutomationSF AutomationSF.java17 -  inside Testcase
20230217 00:08:20 INFO  [main] salesforceFWTest.AutomationSF AutomationSF.java25 - tag name from the username fieldinput
20230217 00:08:24 INFO  [main] salesforceFWTest.BaseTest BaseTest.java45 - Testscript name = loginSuccess2
20230217 00:08:25 INFO  [main] salesforceFWTest.AutomationSF AutomationSF.java52 -  inside Testcase
20230217 00:08:38 INFO  [main] salesforceFWTest.AutomationSF AutomationSF.java67 - Salesforce - Essentials EditionTestcase passed
20230217 00:20:27 INFO  [main] salesforceFWTest.BaseTest BaseTest.java45 - Testscript name = Error_login_salesforece1
20230217 00:20:29 INFO  [main] salesforceFWTest.AutomationSF AutomationSF.java17 -  inside Testcase
20230217 00:20:32 INFO  [main] salesforceFWTest.AutomationSF AutomationSF.java25 - tag name from the username fieldinput
20230217 00:20:35 INFO  [main] salesforceFWTest.BaseTest BaseTest.java45 - Testscript name = loginSuccess2
20230217 00:20:36 INFO  [main] salesforceFWTest.AutomationSF AutomationSF.java52 -  inside Testcase
20230217 00:20:49 INFO  [main] salesforceFWTest.AutomationSF AutomationSF.java67 - Salesforce - Essentials EditionTestcase passed
20230217 00:38:34 INFO  [main] salesforceFWTest.BaseTest BaseTest.java45 - Testscript name = Error_login_salesforece1
20230217 00:40:00 INFO  [main] salesforceFWTest.BaseTest BaseTest.java45 - Testscript name = Error_login_salesforece1
20230217 00:40:02 INFO  [main] salesforceFWTest.AutomationSF AutomationSF.java17 -  inside Testcase
20230217 00:40:05 INFO  [main] salesforceFWTest.AutomationSF AutomationSF.java25 - tag name from the username fieldinput
20230217 00:40:08 ERROR [main] salesforceFWTest.AutomationSF AutomationSF.java35 - Please enter your password.
20230217 00:40:08 INFO  [main] salesforceFWTest.BaseTest BaseTest.java45 - Testscript name = loginSuccess2
20230217 00:40:10 INFO  [main] salesforceFWTest.AutomationSF AutomationSF.java43 -  inside Testcase
20230217 00:40:26 INFO  [main] salesforceFWTest.AutomationSF AutomationSF.java59 - Salesforce - Essentials EditionTestcase passed
20230217 00:47:15 INFO  [main] salesforceFWTest.BaseTest BaseTest.java45 - Testscript name = Error_login_salesforece1
20230217 00:47:17 INFO  [main] salesforceFWTest.AutomationSF AutomationSF.java17 -  inside Testcase
20230217 00:47:20 INFO  [main] salesforceFWTest.AutomationSF AutomationSF.java24 - tag name from the username fieldinput
20230217 00:47:24 ERROR [main] salesforceFWTest.AutomationSF AutomationSF.java32 - Please enter your password.
20230217 00:47:24 INFO  [main] salesforceFWTest.AutomationSF AutomationSF.java33 - Testcase ended
20230217 00:47:24 INFO  [main] salesforceFWTest.BaseTest BaseTest.java45 - Testscript name = loginSuccess2
20230217 00:47:25 INFO  [main] salesforceFWTest.AutomationSF AutomationSF.java40 -  inside Testcase
20230217 00:47:37 INFO  [main] salesforceFWTest.AutomationSF AutomationSF.java55 - Salesforce - Essentials EditionTestcase passed
20230217 00:47:37 INFO  [main] salesforceFWTest.AutomationSF AutomationSF.java56 - Testcase ended
20230217 01:00:58 INFO  [main] salesforceFWTest.BaseTest BaseTest.java45 - Testscript name = Error_login_salesforece1
20230217 01:00:59 INFO  [main] salesforceFWTest.AutomationSF AutomationSF.java17 -  inside Testcase
20230217 01:01:02 INFO  [main] salesforceFWTest.AutomationSF AutomationSF.java24 - tag name from the username fieldinput
20230217 01:01:06 ERROR [main] salesforceFWTest.AutomationSF AutomationSF.java32 - Please enter your password.
20230217 01:01:06 INFO  [main] salesforceFWTest.AutomationSF AutomationSF.java33 - Testcase ended
20230217 01:01:06 INFO  [main] salesforceFWTest.BaseTest BaseTest.java45 - Testscript name = loginSuccess2
20230217 01:01:07 INFO  [main] salesforceFWTest.AutomationSF AutomationSF.java40 -  inside Testcase
20230217 01:01:19 INFO  [main] salesforceFWTest.AutomationSF AutomationSF.java55 - Salesforce - Essentials EditionTestcase passed
20230217 01:01:19 INFO  [main] salesforceFWTest.AutomationSF AutomationSF.java56 - Testcase ended
20230217 01:01:19 INFO  [main] salesforceFWTest.BaseTest BaseTest.java45 - Testscript name = rememberme3
20230217 01:01:20 INFO  [main] salesforceFWTest.AutomationSF AutomationSF.java60 -  inside Testcase
20230217 01:01:22 INFO  [main] salesforceFWTest.AutomationSF AutomationSF.java71 - Testcase passed
20230217 01:06:29 INFO  [main] salesforceFWTest.BaseTest BaseTest.java45 - Testscript name = rememberme3
20230217 01:06:31 INFO  [main] salesforceFWTest.AutomationSF AutomationSF.java60 -  inside Testcase
20230217 01:06:32 INFO  [main] salesforceFWTest.AutomationSF AutomationSF.java71 - Testcase passed
20230217 01:09:59 INFO  [main] salesforceFWTest.BaseTest BaseTest.java45 - Testscript name = rememberme3
20230217 01:10:00 INFO  [main] salesforceFWTest.AutomationSF AutomationSF.java60 -  inside Testcase
20230217 01:10:01 INFO  [main] salesforceFWTest.AutomationSF AutomationSF.java69 - login success
20230217 01:10:02 INFO  [main] salesforceFWTest.AutomationSF AutomationSF.java71 - Testcase passed
20230217 01:15:23 INFO  [main] salesforceFWTest.BaseTest BaseTest.java45 - Testscript name = forgotPasswordTest4
20230217 01:15:25 INFO  [main] salesforceFWTest.AutomationSF AutomationSF.java77 -  inside Testcase
20230217 01:15:37 INFO  [main] salesforceFWTest.AutomationSF AutomationSF.java89 - Please check your username and password. If you still can't log in, contact your Salesforce administrator.
20230217 01:15:37 INFO  [main] salesforceFWTest.AutomationSF AutomationSF.java90 - Testcase ended
20230217 01:34:33 INFO  [main] salesforceFWTest.BaseTest BaseTest.java45 - Testscript name = forgotPasswordTest4B
20230217 01:34:34 INFO  [main] salesforceFWTest.AutomationSF AutomationSF.java95 -  inside Testcase
20230217 01:34:35 INFO  [main] salesforceFWTest.AutomationSF AutomationSF.java98 - forgotpassword page displayed
20230217 01:34:35 INFO  [main] salesforceFWTest.AutomationSF AutomationSF.java99 - Testcase ended
20230217 01:38:15 INFO  [main] salesforceFWTest.BaseTest BaseTest.java45 - Testscript name = Error_login_salesforece1
20230217 01:38:16 INFO  [main] salesforceFWTest.AutomationSF AutomationSF.java17 -  inside Testcase
20230217 01:38:19 INFO  [main] salesforceFWTest.AutomationSF AutomationSF.java24 - tag name from the username fieldinput
20230217 01:38:23 ERROR [main] salesforceFWTest.AutomationSF AutomationSF.java32 - Please enter your password.
20230217 01:38:23 INFO  [main] salesforceFWTest.AutomationSF AutomationSF.java33 - Testcase ended
20230217 01:38:23 INFO  [main] salesforceFWTest.BaseTest BaseTest.java45 - Testscript name = forgotPasswordTest4
20230217 01:38:24 INFO  [main] salesforceFWTest.AutomationSF AutomationSF.java77 -  inside Testcase
20230217 01:38:35 INFO  [main] salesforceFWTest.AutomationSF AutomationSF.java89 - Please check your username and password. If you still can't log in, contact your Salesforce administrator.
20230217 01:38:35 INFO  [main] salesforceFWTest.AutomationSF AutomationSF.java90 - Testcase ended
20230217 01:38:35 INFO  [main] salesforceFWTest.BaseTest BaseTest.java45 - Testscript name = forgotPasswordTest4B
20230217 01:38:36 INFO  [main] salesforceFWTest.AutomationSF AutomationSF.java94 -  inside Testcase
20230217 01:38:37 INFO  [main] salesforceFWTest.AutomationSF AutomationSF.java97 - forgotpassword page displayed
20230217 01:38:37 INFO  [main] salesforceFWTest.AutomationSF AutomationSF.java98 - Testcase ended
20230217 01:38:37 INFO  [main] salesforceFWTest.BaseTest BaseTest.java45 - Testscript name = loginSuccess2
20230217 01:38:38 INFO  [main] salesforceFWTest.AutomationSF AutomationSF.java40 -  inside Testcase
20230217 01:38:50 INFO  [main] salesforceFWTest.AutomationSF AutomationSF.java55 - Salesforce - Essentials EditionTestcase passed
20230217 01:38:50 INFO  [main] salesforceFWTest.AutomationSF AutomationSF.java56 - Testcase ended
20230217 01:38:50 INFO  [main] salesforceFWTest.BaseTest BaseTest.java45 - Testscript name = rememberme3
20230217 01:38:51 INFO  [main] salesforceFWTest.AutomationSF AutomationSF.java60 -  inside Testcase
20230217 01:38:51 INFO  [main] salesforceFWTest.AutomationSF AutomationSF.java69 - login success
20230217 01:38:52 INFO  [main] salesforceFWTest.AutomationSF AutomationSF.java71 - Testcase passed
20230217 01:45:29 INFO  [main] salesforceFWTest.BaseTest BaseTest.java45 - Testscript name = forgotPasswordTest4B
20230217 01:45:30 INFO  [main] salesforceFWTest.AutomationSF AutomationSF.java94 -  inside Testcase
20230217 01:45:33 INFO  [main] salesforceFWTest.AutomationSF AutomationSF.java97 - forgotpassword page displayed
20230217 01:45:33 INFO  [main] salesforceFWTest.AutomationSF AutomationSF.java98 - Testcase ended
20230217 01:46:15 INFO  [main] salesforceFWTest.BaseTest BaseTest.java45 - Testscript name = forgotPasswordTest4B
20230217 01:46:16 INFO  [main] salesforceFWTest.AutomationSF AutomationSF.java94 -  inside Testcase
20230217 01:46:20 INFO  [main] salesforceFWTest.AutomationSF AutomationSF.java98 - forgotpassword page displayed
20230217 01:46:20 INFO  [main] salesforceFWTest.AutomationSF AutomationSF.java99 - Testcase ended
20230217 01:50:01 INFO  [main] salesforceFWTest.BaseTest BaseTest.java45 - Testscript name = checkUsernameTest5
20230217 01:50:03 INFO  [main] salesforceFWTest.AutomationSF AutomationSF.java104 -  inside Testcase
20230217 01:51:12 INFO  [main] salesforceFWTest.BaseTest BaseTest.java45 - Testscript name = checkUsernameTest5
20230217 01:51:14 INFO  [main] salesforceFWTest.AutomationSF AutomationSF.java104 -  inside Testcase
20230217 01:53:52 INFO  [main] salesforceFWTest.BaseTest BaseTest.java45 - Testscript name = checkUsernameTest5
20230217 01:53:54 INFO  [main] salesforceFWTest.AutomationSF AutomationSF.java104 -  inside Testcase
20230217 01:53:59 INFO  [main] salesforceFWTest.AutomationSF AutomationSF.java117 - kanchana Santhosh
20230217 01:53:59 INFO  [main] salesforceFWTest.AutomationSF AutomationSF.java118 - Testcase ended
20230217 02:21:50 INFO  [main] salesforceFWTest.BaseTest BaseTest.java45 - Testscript name = usermenudropdown7
20230217 02:21:52 INFO  [main] salesforceFWTest.AutomationSF AutomationSF.java127 -  inside Testcase
20230217 02:21:57 INFO  [main] salesforceFWTest.AutomationSF AutomationSF.java144 - My Settings
20230217 02:21:57 INFO  [main] salesforceFWTest.AutomationSF AutomationSF.java147 - user profile dropdown menu displayed
20230217 02:22:32 INFO  [main] salesforceFWTest.AutomationSF AutomationSF.java198 - Testcase ended
20230217 02:33:15 INFO  [main] salesforceFWTest.BaseTest BaseTest.java45 - Testscript name = Error_login_salesforece1
20230217 02:33:17 INFO  [main] salesforceFWTest.AutomationSF AutomationSF.java21 -  inside Testcase
20230217 02:33:20 INFO  [main] salesforceFWTest.AutomationSF AutomationSF.java28 - tag name from the username fieldinput
20230217 02:33:23 ERROR [main] salesforceFWTest.AutomationSF AutomationSF.java36 - Please enter your password.
20230217 02:33:23 INFO  [main] salesforceFWTest.AutomationSF AutomationSF.java37 - Testcase ended
20230217 02:33:23 INFO  [main] salesforceFWTest.BaseTest BaseTest.java45 - Testscript name = checkUsernameTest5
20230217 02:33:24 INFO  [main] salesforceFWTest.AutomationSF AutomationSF.java108 -  inside Testcase
20230217 02:33:30 INFO  [main] salesforceFWTest.AutomationSF AutomationSF.java121 - kanchana Santhosh
20230217 02:33:30 INFO  [main] salesforceFWTest.AutomationSF AutomationSF.java122 - Testcase ended
20230217 02:33:30 INFO  [main] salesforceFWTest.BaseTest BaseTest.java45 - Testscript name = forgotPasswordTest4
20230217 02:33:32 INFO  [main] salesforceFWTest.AutomationSF AutomationSF.java81 -  inside Testcase
20230217 02:33:43 INFO  [main] salesforceFWTest.AutomationSF AutomationSF.java93 - Please check your username and password. If you still can't log in, contact your Salesforce administrator.
20230217 02:33:43 INFO  [main] salesforceFWTest.AutomationSF AutomationSF.java94 - Testcase ended
20230217 02:33:44 INFO  [main] salesforceFWTest.BaseTest BaseTest.java45 - Testscript name = forgotPasswordTest4B
20230217 02:33:45 INFO  [main] salesforceFWTest.AutomationSF AutomationSF.java98 -  inside Testcase
20230217 02:33:49 INFO  [main] salesforceFWTest.AutomationSF AutomationSF.java102 - forgotpassword page displayed
20230217 02:33:49 INFO  [main] salesforceFWTest.AutomationSF AutomationSF.java103 - Testcase ended
20230217 02:33:49 INFO  [main] salesforceFWTest.BaseTest BaseTest.java45 - Testscript name = loginSuccess2
20230217 02:33:50 INFO  [main] salesforceFWTest.AutomationSF AutomationSF.java44 -  inside Testcase
20230217 02:34:01 INFO  [main] salesforceFWTest.AutomationSF AutomationSF.java59 - Salesforce - Essentials EditionTestcase passed
20230217 02:34:01 INFO  [main] salesforceFWTest.AutomationSF AutomationSF.java60 - Testcase ended
20230217 02:34:01 INFO  [main] salesforceFWTest.BaseTest BaseTest.java45 - Testscript name = rememberme3
20230217 02:34:02 INFO  [main] salesforceFWTest.AutomationSF AutomationSF.java64 -  inside Testcase
20230217 02:34:02 INFO  [main] salesforceFWTest.AutomationSF AutomationSF.java73 - login success
20230217 02:34:03 INFO  [main] salesforceFWTest.AutomationSF AutomationSF.java75 - Testcase passed
20230217 02:34:03 INFO  [main] salesforceFWTest.BaseTest BaseTest.java45 - Testscript name = usermenudropdown7
20230217 02:34:05 INFO  [main] salesforceFWTest.AutomationSF AutomationSF.java127 -  inside Testcase
20230217 02:34:10 INFO  [main] salesforceFWTest.AutomationSF AutomationSF.java144 - My Settings
20230217 02:34:10 INFO  [main] salesforceFWTest.AutomationSF AutomationSF.java147 - user profile dropdown menu displayed
20230217 02:34:13 INFO  [main] salesforceFWTest.AutomationSF AutomationSF.java150 - my Settings page displayed
20230217 02:34:14 INFO  [main] salesforceFWTest.AutomationSF AutomationSF.java153 - login history displayed
20230217 02:34:20 INFO  [main] salesforceFWTest.AutomationSF AutomationSF.java159 - .csv file  downloaded
20230217 02:34:32 INFO  [main] salesforceFWTest.AutomationSF AutomationSF.java171 - Reports field added to selected tab list
20230217 02:34:40 INFO  [main] salesforceFWTest.AutomationSF AutomationSF.java189 - mail options and my Settings page displayed
20230217 02:34:44 INFO  [main] salesforceFWTest.AutomationSF AutomationSF.java201 - sample event pop window  displayed
20230217 02:34:44 INFO  [main] salesforceFWTest.AutomationSF AutomationSF.java204 - Testcase ended
20230217 12:19:01 INFO  [main] salesforceFWTest.BaseTest BaseTest.java45 - Testscript name = userPost6
20230217 12:19:03 INFO  [main] salesforceFWTest.AutomationSF AutomationSF.java209 -  inside Testcase
20230217 12:19:03 INFO  [main] salesforceFWTest.AutomationSF AutomationSF.java44 -  inside Testcase
20230217 12:19:20 INFO  [main] salesforceFWTest.AutomationSF AutomationSF.java59 - Salesforce - Essentials EditionTestcase passed
20230217 12:19:20 INFO  [main] salesforceFWTest.AutomationSF AutomationSF.java60 - Testcase ended
20230217 12:19:46 INFO  [main] salesforceFWTest.BaseTest BaseTest.java45 - Testscript name = userPost6
20230217 12:19:47 INFO  [main] salesforceFWTest.AutomationSF AutomationSF.java209 -  inside Testcase
20230217 12:19:47 INFO  [main] salesforceFWTest.AutomationSF AutomationSF.java44 -  inside Testcase
20230217 12:20:02 INFO  [main] salesforceFWTest.AutomationSF AutomationSF.java59 - Salesforce - Essentials EditionTestcase passed
20230217 12:20:02 INFO  [main] salesforceFWTest.AutomationSF AutomationSF.java60 - Testcase ended
20230217 12:21:52 INFO  [main] salesforceFWTest.BaseTest BaseTest.java45 - Testscript name = userPost6
20230217 12:21:54 INFO  [main] salesforceFWTest.AutomationSF AutomationSF.java209 -  inside Testcase
20230217 12:22:10 INFO  [main] salesforceFWTest.AutomationSF AutomationSF.java231 - message posted
20230217 12:25:12 INFO  [main] salesforceFWTest.BaseTest BaseTest.java45 - Testscript name = userPost6
20230217 12:25:14 INFO  [main] salesforceFWTest.AutomationSF AutomationSF.java209 -  inside Testcase
20230217 12:25:30 INFO  [main] salesforceFWTest.AutomationSF AutomationSF.java231 - message posted
20230217 12:26:52 INFO  [main] salesforceFWTest.BaseTest BaseTest.java45 - Testscript name = userPost6
20230217 12:26:54 INFO  [main] salesforceFWTest.AutomationSF AutomationSF.java209 -  inside Testcase
20230217 12:27:12 INFO  [main] salesforceFWTest.AutomationSF AutomationSF.java231 - message posted
20230217 15:31:18 INFO  [main] salesforceFWTest.BaseTest BaseTest.java46 - Testscript name = developerconsole8
20230217 15:37:44 INFO  [main] salesforceFWTest.BaseTest BaseTest.java46 - Testscript name = developerconsole8
20230217 15:37:58 INFO  [main] salesforceFWTest.AutomationSF AutomationSF.java288 - inside the testcase
20230217 15:37:58 INFO  [main] salesforceFWTest.AutomationSF AutomationSF.java294 - My Settings
20230217 15:38:01 INFO  [main] salesforceFWTest.AutomationSF AutomationSF.java298 - user dropdown menu displayed with options
20230217 15:38:06 INFO  [main] salesforceFWTest.AutomationSF AutomationSF.java308 - testcases ended
20230217 15:39:46 INFO  [main] salesforceFWTest.BaseTest BaseTest.java46 - Testscript name = developerconsole9
20230217 15:42:03 INFO  [main] salesforceFWTest.BaseTest BaseTest.java46 - Testscript name = developerconsole9
20230217 15:42:13 INFO  [main] salesforceFWTest.AutomationSF AutomationSF.java321 - dropdown option selected
20230217 15:42:16 INFO  [main] salesforceFWTest.AutomationSF AutomationSF.java326 - logout successfully
20230217 15:52:32 INFO  [main] salesforceFWTest.BaseTest BaseTest.java46 - Testscript name = createAcount10
20230217 15:52:43 INFO  [main] salesforceFWTest.AutomationSF AutomationSF.java333 -  inside Testcase
20230217 15:54:46 INFO  [main] salesforceFWTest.BaseTest BaseTest.java46 - Testscript name = createAcount10
20230217 15:54:57 INFO  [main] salesforceFWTest.AutomationSF AutomationSF.java333 -  inside Testcase
20230217 16:01:47 INFO  [main] salesforceFWTest.BaseTest BaseTest.java46 - Testscript name = Error_login_salesforece1
20230217 16:01:49 INFO  [main] salesforceFWTest.AutomationSF AutomationSF.java27 -  inside Testcase
20230217 16:01:52 INFO  [main] salesforceFWTest.AutomationSF AutomationSF.java34 - tag name from the username fieldinput
20230217 16:01:55 ERROR [main] salesforceFWTest.AutomationSF AutomationSF.java42 - Please enter your password.
20230217 16:01:55 INFO  [main] salesforceFWTest.AutomationSF AutomationSF.java43 - Testcase ended
20230217 16:01:55 INFO  [main] salesforceFWTest.BaseTest BaseTest.java46 - Testscript name = checkUsernameTest5
20230217 16:01:56 INFO  [main] salesforceFWTest.AutomationSF AutomationSF.java114 -  inside Testcase
20230217 16:02:02 INFO  [main] salesforceFWTest.AutomationSF AutomationSF.java127 - kanchana Santhosh
20230217 16:02:02 INFO  [main] salesforceFWTest.AutomationSF AutomationSF.java128 - Testcase ended
20230217 16:02:02 INFO  [main] salesforceFWTest.BaseTest BaseTest.java46 - Testscript name = createAcount10
20230217 16:02:14 INFO  [main] salesforceFWTest.AutomationSF AutomationSF.java333 -  inside Testcase
20230217 16:44:25 INFO  [main] salesforceFWTest.BaseTest BaseTest.java46 - Testscript name = Error_login_salesforece1
20230217 16:47:40 INFO  [main] salesforceFWTest.BaseTest BaseTest.java46 - Testscript name = Error_login_salesforece1
20230217 16:49:22 INFO  [main] salesforceFWTest.BaseTest BaseTest.java46 - Testscript name = Error_login_salesforece1
20230217 16:50:36 INFO  [main] salesforceFWTest.BaseTest BaseTest.java46 - Testscript name = Error_login_salesforece1
20230217 16:55:16 INFO  [main] salesforceFWTest.BaseTest BaseTest.java46 - Testscript name = loginSuccess2
20230217 17:16:22 INFO  [main] salesforceFWTest.BaseTest BaseTest.java46 - Testscript name = Error_login_salesforece1
20230217 17:18:32 INFO  [main] salesforceFWTest.BaseTest BaseTest.java46 - Testscript name = Error_login_salesforece1
20230217 17:18:34 INFO  [main] salesforceFWTest.AutomationSF AutomationSF.java27 -  inside Testcase
20230217 17:18:37 INFO  [main] salesforceFWTest.AutomationSF AutomationSF.java35 - tag name from the username fieldinput
20230217 17:18:37 INFO  [main] salesforceFWTest.BaseTest BaseTest.java79 - UserNameEletext entered
20230217 17:18:38 INFO  [main] salesforceFWTest.BaseTest BaseTest.java79 - PassWordEletext entered
20230217 17:18:41 ERROR [main] salesforceFWTest.AutomationSF AutomationSF.java43 - Please enter your password.
20230217 17:18:41 INFO  [main] salesforceFWTest.AutomationSF AutomationSF.java44 - Testcase ended
20230217 17:20:14 INFO  [main] salesforceFWTest.BaseTest BaseTest.java46 - Testscript name = Error_login_salesforece1
20230217 17:20:16 INFO  [main] salesforceFWTest.AutomationSF AutomationSF.java27 -  inside Testcase
20230217 17:20:19 INFO  [main] salesforceFWTest.AutomationSF AutomationSF.java35 - tag name from the username fieldinput
20230217 17:20:19 INFO  [main] salesforceFWTest.BaseTest BaseTest.java79 - UserNameEletext entered
20230217 17:20:19 INFO  [main] salesforceFWTest.BaseTest BaseTest.java79 - PassWordEletext entered
20230217 17:20:22 ERROR [main] salesforceFWTest.AutomationSF AutomationSF.java43 - Please enter your password.
20230217 17:20:22 INFO  [main] salesforceFWTest.AutomationSF AutomationSF.java44 - Testcase ended
20230217 17:20:22 INFO  [main] salesforceFWTest.BaseTest BaseTest.java46 - Testscript name = checkUsernameTest5
20230217 17:20:23 INFO  [main] salesforceFWTest.AutomationSF AutomationSF.java123 -  inside Testcase
20230217 17:20:23 INFO  [main] salesforceFWTest.BaseTest BaseTest.java79 - UserNameEletext entered
20230217 17:20:24 INFO  [main] salesforceFWTest.BaseTest BaseTest.java79 - PassWordEletext entered
20230217 17:20:31 INFO  [main] salesforceFWTest.AutomationSF AutomationSF.java137 - kanchana Santhosh
20230217 17:20:31 INFO  [main] salesforceFWTest.AutomationSF AutomationSF.java138 - Testcase ended
20230217 17:20:31 INFO  [main] salesforceFWTest.BaseTest BaseTest.java46 - Testscript name = createAcount10
20230217 17:20:32 INFO  [main] salesforceFWTest.AutomationSF AutomationSF.java349 -  inside Testcase
20230217 17:20:35 INFO  [main] salesforceFWTest.BaseTest BaseTest.java79 - UserNameEletext entered
20230217 17:20:35 INFO  [main] salesforceFWTest.BaseTest BaseTest.java79 - PassWordEletext entered
20230217 17:29:16 INFO  [main] salesforceFWTest.BaseTest BaseTest.java46 - Testscript name = loginSuccess2
20230217 17:29:18 INFO  [main] salesforceFWTest.AutomationSF AutomationSF.java52 -  inside Testcase
20230217 17:29:21 INFO  [main] salesforceFWTest.BaseTest BaseTest.java79 - UserNameEletext entered
20230217 17:29:21 INFO  [main] salesforceFWTest.BaseTest BaseTest.java79 - PassWordEletext entered
20230217 17:29:30 INFO  [main] salesforceFWTest.AutomationSF AutomationSF.java68 - Salesforce - Essentials EditionTestcase passed
20230217 17:29:30 INFO  [main] salesforceFWTest.AutomationSF AutomationSF.java69 - Testcase ended
20230217 17:33:29 INFO  [main] salesforceFWTest.BaseTest BaseTest.java46 - Testscript name = Error_login_salesforece1
20230217 17:33:31 INFO  [main] salesforceFWTest.AutomationSF AutomationSF.java27 -  inside Testcase
20230217 17:33:34 INFO  [main] salesforceFWTest.AutomationSF AutomationSF.java35 - tag name from the username fieldinput
20230217 17:33:34 INFO  [main] salesforceFWTest.BaseTest BaseTest.java79 - UserNameEletext entered
20230217 17:33:34 INFO  [main] salesforceFWTest.BaseTest BaseTest.java79 - PassWordEletext entered
20230217 17:33:37 ERROR [main] salesforceFWTest.AutomationSF AutomationSF.java43 - Please enter your password.
20230217 17:33:37 INFO  [main] salesforceFWTest.AutomationSF AutomationSF.java44 - Testcase ended
20230217 17:33:37 INFO  [main] salesforceFWTest.BaseTest BaseTest.java137 - screenshot taken
20230217 19:15:42 INFO  [main] salesforceFWTest.BaseTest BaseTest.java48 - Testscript name = saveandNew32
20230217 19:15:45 INFO  [main] salesforceFWTest.AutomationSF AutomationSF.java832 -  inside Testcase
20230217 19:15:48 INFO  [main] salesforceFWTest.BaseTest BaseTest.java81 - UserNameEletext entered
20230217 19:15:48 INFO  [main] salesforceFWTest.BaseTest BaseTest.java81 - PassWordEletext entered
20230218 16:30:04 INFO  [main] salesforceFWTest.BaseTest BaseTest.java48 - Testscript name = Error_login_salesforece1
20230218 16:30:07 INFO  [main] salesforceFWTest.AutomationSF AutomationSF.java28 -  inside Testcase
20230218 16:30:10 INFO  [main] salesforceFWTest.AutomationSF AutomationSF.java36 - tag name from the username fieldinput
20230218 16:30:10 INFO  [main] salesforceFWTest.BaseTest BaseTest.java81 - UserNameEletext entered
20230218 16:30:11 INFO  [main] salesforceFWTest.BaseTest BaseTest.java81 - PassWordEletext entered
20230218 16:31:50 INFO  [main] salesforceFWTest.BaseTest BaseTest.java48 - Testscript name = Error_login_salesforece1
20230218 16:31:52 INFO  [main] salesforceFWTest.AutomationSF AutomationSF.java28 -  inside Testcase
20230218 16:31:55 INFO  [main] salesforceFWTest.AutomationSF AutomationSF.java36 - tag name from the username fieldinput
20230218 16:31:55 INFO  [main] salesforceFWTest.BaseTest BaseTest.java81 - UserNameEletext entered
20230218 16:31:55 INFO  [main] salesforceFWTest.BaseTest BaseTest.java81 - PassWordEletext entered
20230218 16:31:59 ERROR [main] salesforceFWTest.AutomationSF AutomationSF.java44 - Please enter your password.
20230218 16:31:59 INFO  [main] salesforceFWTest.AutomationSF AutomationSF.java45 - Testcase ended
20230218 16:31:59 INFO  [main] salesforceFWTest.BaseTest BaseTest.java150 - screenshot taken
20230218 20:21:20 INFO  [main] salesforceFWTest.BaseTest BaseTest.java48 - Testscript name = Error_login_salesforece1
20230218 20:21:23 INFO  [main] salesforceFWTest.AutomationSF AutomationSF.java28 -  inside Testcase
20230218 20:21:26 INFO  [main] salesforceFWTest.AutomationSF AutomationSF.java36 - tag name from the username fieldinput
20230218 20:21:26 INFO  [main] salesforceFWTest.BaseTest BaseTest.java81 - UserNameEletext entered
20230218 20:21:26 INFO  [main] salesforceFWTest.BaseTest BaseTest.java81 - PassWordEletext entered
20230218 20:21:29 ERROR [main] salesforceFWTest.AutomationSF AutomationSF.java44 - Please enter your password.
20230218 20:21:29 INFO  [main] salesforceFWTest.AutomationSF AutomationSF.java45 - Testcase ended
20230218 20:21:29 INFO  [main] salesforceFWTest.BaseTest BaseTest.java48 - Testscript name = checkUsernameTest5
20230218 20:21:31 INFO  [main] salesforceFWTest.AutomationSF AutomationSF.java125 -  inside Testcase
20230218 20:21:31 INFO  [main] salesforceFWTest.BaseTest BaseTest.java81 - UserNameEletext entered
20230218 20:21:31 INFO  [main] salesforceFWTest.BaseTest BaseTest.java81 - PassWordEletext entered
20230218 20:21:37 INFO  [main] salesforceFWTest.AutomationSF AutomationSF.java139 - kanchana Santhosh
20230218 20:21:37 INFO  [main] salesforceFWTest.AutomationSF AutomationSF.java140 - Testcase ended
20230218 20:21:37 INFO  [main] salesforceFWTest.BaseTest BaseTest.java48 - Testscript name = createAcount10
20230218 20:21:38 INFO  [main] salesforceFWTest.AutomationSF AutomationSF.java351 -  inside Testcase
20230218 20:21:41 INFO  [main] salesforceFWTest.BaseTest BaseTest.java81 - UserNameEletext entered
20230218 20:21:41 INFO  [main] salesforceFWTest.BaseTest BaseTest.java81 - PassWordEletext entered
20230218 20:21:48 INFO  [main] salesforceFWTest.BaseTest BaseTest.java48 - Testscript name = developerconsole8
20230218 20:21:53 INFO  [main] salesforceFWTest.BaseTest BaseTest.java81 - UserNameEletext entered
20230218 20:21:53 INFO  [main] salesforceFWTest.BaseTest BaseTest.java81 - PassWordEletext entered
20230218 20:21:58 INFO  [main] salesforceFWTest.AutomationSF AutomationSF.java305 - inside the testcase
20230218 20:21:58 INFO  [main] salesforceFWTest.AutomationSF AutomationSF.java312 - My Settings
20230218 20:22:01 INFO  [main] salesforceFWTest.AutomationSF AutomationSF.java316 - user dropdown menu displayed with options
20230218 20:22:06 INFO  [main] salesforceFWTest.AutomationSF AutomationSF.java326 - testcases ended
20230218 20:22:06 INFO  [main] salesforceFWTest.BaseTest BaseTest.java48 - Testscript name = developerconsole9
20230218 20:22:10 INFO  [main] salesforceFWTest.BaseTest BaseTest.java81 - UserNameEletext entered
20230218 20:22:11 INFO  [main] salesforceFWTest.BaseTest BaseTest.java81 - PassWordEletext entered
20230218 20:22:18 INFO  [main] salesforceFWTest.AutomationSF AutomationSF.java332 -  inside Testcase
20230218 20:22:18 INFO  [main] salesforceFWTest.AutomationSF AutomationSF.java341 - dropdown option selected
20230218 20:22:22 INFO  [main] salesforceFWTest.AutomationSF AutomationSF.java346 - logout successfully
20230218 20:22:22 INFO  [main] salesforceFWTest.BaseTest BaseTest.java48 - Testscript name = forgotPasswordTest4
20230218 20:22:23 INFO  [main] salesforceFWTest.AutomationSF AutomationSF.java94 -  inside Testcase
20230218 20:22:23 INFO  [main] salesforceFWTest.BaseTest BaseTest.java81 - UserNameEletext entered
20230218 20:22:23 INFO  [main] salesforceFWTest.BaseTest BaseTest.java81 - PassWordEletext entered
20230218 20:22:35 INFO  [main] salesforceFWTest.AutomationSF AutomationSF.java107 - Please check your username and password. If you still can't log in, contact your Salesforce administrator.
20230218 20:22:35 INFO  [main] salesforceFWTest.AutomationSF AutomationSF.java108 - Testcase ended
20230218 20:22:35 INFO  [main] salesforceFWTest.BaseTest BaseTest.java48 - Testscript name = forgotPasswordTest4B
20230218 20:22:36 INFO  [main] salesforceFWTest.AutomationSF AutomationSF.java113 -  inside Testcase
20230218 20:22:39 INFO  [main] salesforceFWTest.AutomationSF AutomationSF.java118 - forgotpassword page displayed
20230218 20:22:39 INFO  [main] salesforceFWTest.AutomationSF AutomationSF.java119 - Testcase ended
20230218 20:22:39 INFO  [main] salesforceFWTest.BaseTest BaseTest.java48 - Testscript name = loginSuccess2
20230218 20:22:41 INFO  [main] salesforceFWTest.AutomationSF AutomationSF.java54 -  inside Testcase
20230218 20:22:44 INFO  [main] salesforceFWTest.BaseTest BaseTest.java81 - UserNameEletext entered
20230218 20:22:44 INFO  [main] salesforceFWTest.BaseTest BaseTest.java81 - PassWordEletext entered
20230218 20:22:52 INFO  [main] salesforceFWTest.AutomationSF AutomationSF.java70 - Salesforce - Essentials EditionTestcase passed
20230218 20:22:52 INFO  [main] salesforceFWTest.AutomationSF AutomationSF.java71 - Testcase ended
20230218 20:22:52 INFO  [main] salesforceFWTest.BaseTest BaseTest.java48 - Testscript name = rememberme3
20230218 20:22:54 INFO  [main] salesforceFWTest.AutomationSF AutomationSF.java76 -  inside Testcase
20230218 20:22:54 INFO  [main] salesforceFWTest.BaseTest BaseTest.java81 - UserNameEletext entered
20230218 20:22:54 INFO  [main] salesforceFWTest.BaseTest BaseTest.java81 - PassWordEletext entered
20230218 20:22:54 INFO  [main] salesforceFWTest.AutomationSF AutomationSF.java86 - login success
20230218 20:22:55 INFO  [main] salesforceFWTest.AutomationSF AutomationSF.java88 - Testcase passed
20230218 20:22:55 INFO  [main] salesforceFWTest.BaseTest BaseTest.java48 - Testscript name = saveandNew32
20230218 20:22:57 INFO  [main] salesforceFWTest.AutomationSF AutomationSF.java832 -  inside Testcase
20230218 20:23:00 INFO  [main] salesforceFWTest.BaseTest BaseTest.java81 - UserNameEletext entered
20230218 20:23:00 INFO  [main] salesforceFWTest.BaseTest BaseTest.java81 - PassWordEletext entered
20230218 20:23:08 INFO  [main] salesforceFWTest.BaseTest BaseTest.java48 - Testscript name = userPost6
20230218 20:23:09 INFO  [main] salesforceFWTest.AutomationSF AutomationSF.java221 -  inside Testcase
20230218 20:23:13 INFO  [main] salesforceFWTest.BaseTest BaseTest.java81 - UserNameEletext entered
20230218 20:23:13 INFO  [main] salesforceFWTest.BaseTest BaseTest.java81 - PassWordEletext entered
20230218 20:23:18 INFO  [main] salesforceFWTest.BaseTest BaseTest.java48 - Testscript name = usermenudropdown7
20230218 20:23:20 INFO  [main] salesforceFWTest.AutomationSF AutomationSF.java146 -  inside Testcase
20230218 20:23:23 INFO  [main] salesforceFWTest.BaseTest BaseTest.java81 - UserNameEletext entered
20230218 20:23:23 INFO  [main] salesforceFWTest.BaseTest BaseTest.java81 - PassWordEletext entered
20230218 20:23:29 INFO  [main] salesforceFWTest.AutomationSF AutomationSF.java155 - My Settings
20230218 20:23:29 INFO  [main] salesforceFWTest.AutomationSF AutomationSF.java158 - user profile dropdown menu displayed
20230218 20:23:32 INFO  [main] salesforceFWTest.AutomationSF AutomationSF.java161 - my Settings page displayed
20230218 20:23:33 INFO  [main] salesforceFWTest.AutomationSF AutomationSF.java164 - login history displayed
20230218 20:23:41 INFO  [main] salesforceFWTest.AutomationSF AutomationSF.java170 - .csv file  downloaded
20230218 20:23:52 INFO  [main] salesforceFWTest.AutomationSF AutomationSF.java182 - Reports field added to selected tab list
20230218 20:24:00 INFO  [main] salesforceFWTest.AutomationSF AutomationSF.java200 - mail options and my Settings page displayed
20230218 20:32:16 INFO  [main] salesforceFWTest.BaseTest BaseTest.java48 - Testscript name = createAcount10
20230218 20:37:19 INFO  [main] salesforceFWTest.BaseTest BaseTest.java48 - Testscript name = createAcount10
20230218 20:37:29 INFO  [main] salesforceFWTest.BaseTest BaseTest.java48 - Testscript name = createAcount10
20230218 20:39:42 INFO  [main] salesforceFWTest.BaseTest BaseTest.java48 - Testscript name = createAcount10
20230218 20:39:44 INFO  [main] salesforceFWTest.AutomationSF AutomationSF.java351 -  inside Testcase
20230218 20:39:52 INFO  [main] salesforceFWTest.BaseTest BaseTest.java81 - UserNameEletext entered
20230218 20:39:52 INFO  [main] salesforceFWTest.BaseTest BaseTest.java81 - PassWordEletext entered
20230219 15:28:11 INFO  [main] salesforceFWTest.AutomationSF AutomationSF.java351 -  inside Testcase
20230219 15:28:27 INFO  [main] salesforceFWTest.BaseTest BaseTest.java81 - UserNameEletext entered
20230219 15:28:41 INFO  [main] salesforceFWTest.BaseTest BaseTest.java81 - PassWordEletext entered
20230220 16:27:32 INFO  [main] salesforceFWTest.BaseTest BaseTest.java48 - Testscript name = Error_login_salesforece1
20230220 16:27:34 INFO  [main] salesforceFWTest.AutomationSF AutomationSF.java28 -  inside Testcase
20230220 16:27:37 INFO  [main] salesforceFWTest.AutomationSF AutomationSF.java36 - tag name from the username fieldinput
20230220 16:27:37 INFO  [main] salesforceFWTest.BaseTest BaseTest.java81 - UserNameEletext entered
20230220 16:27:37 INFO  [main] salesforceFWTest.BaseTest BaseTest.java81 - PassWordEletext entered
20230220 16:27:41 ERROR [main] salesforceFWTest.AutomationSF AutomationSF.java44 - Please enter your password.
20230220 16:27:41 INFO  [main] salesforceFWTest.AutomationSF AutomationSF.java45 - Testcase ended
20230220 16:27:41 INFO  [main] salesforceFWTest.BaseTest BaseTest.java48 - Testscript name = checkUsernameTest5
20230220 16:27:42 INFO  [main] salesforceFWTest.AutomationSF AutomationSF.java125 -  inside Testcase
20230220 16:27:42 INFO  [main] salesforceFWTest.BaseTest BaseTest.java81 - UserNameEletext entered
20230220 16:27:42 INFO  [main] salesforceFWTest.BaseTest BaseTest.java81 - PassWordEletext entered
20230220 16:27:48 INFO  [main] salesforceFWTest.AutomationSF AutomationSF.java139 - kanchana Santhosh
20230220 16:27:48 INFO  [main] salesforceFWTest.AutomationSF AutomationSF.java140 - Testcase ended
20230220 16:27:48 INFO  [main] salesforceFWTest.BaseTest BaseTest.java48 - Testscript name = createAcount10
20230220 16:27:49 INFO  [main] salesforceFWTest.AutomationSF AutomationSF.java351 -  inside Testcase
20230220 16:27:52 INFO  [main] salesforceFWTest.BaseTest BaseTest.java81 - UserNameEletext entered
20230220 16:27:53 INFO  [main] salesforceFWTest.BaseTest BaseTest.java81 - PassWordEletext entered
20230220 16:28:00 INFO  [main] salesforceFWTest.BaseTest BaseTest.java48 - Testscript name = developerconsole8
20230220 16:28:04 INFO  [main] salesforceFWTest.BaseTest BaseTest.java81 - UserNameEletext entered
20230220 16:28:05 INFO  [main] salesforceFWTest.BaseTest BaseTest.java81 - PassWordEletext entered
20230220 16:28:15 INFO  [main] salesforceFWTest.AutomationSF AutomationSF.java305 - inside the testcase
20230220 16:28:15 INFO  [main] salesforceFWTest.AutomationSF AutomationSF.java312 - My Settings
20230220 16:28:18 INFO  [main] salesforceFWTest.AutomationSF AutomationSF.java316 - user dropdown menu displayed with options
20230220 16:28:23 INFO  [main] salesforceFWTest.AutomationSF AutomationSF.java326 - testcases ended
20230220 16:28:23 INFO  [main] salesforceFWTest.BaseTest BaseTest.java48 - Testscript name = developerconsole9
20230220 16:28:28 INFO  [main] salesforceFWTest.BaseTest BaseTest.java81 - UserNameEletext entered
20230220 16:28:28 INFO  [main] salesforceFWTest.BaseTest BaseTest.java81 - PassWordEletext entered
20230220 16:28:34 INFO  [main] salesforceFWTest.AutomationSF AutomationSF.java332 -  inside Testcase
20230220 16:28:34 INFO  [main] salesforceFWTest.AutomationSF AutomationSF.java341 - dropdown option selected
20230220 16:28:38 INFO  [main] salesforceFWTest.AutomationSF AutomationSF.java346 - logout successfully
20230220 16:28:38 INFO  [main] salesforceFWTest.BaseTest BaseTest.java48 - Testscript name = forgotPasswordTest4
20230220 16:28:39 INFO  [main] salesforceFWTest.AutomationSF AutomationSF.java94 -  inside Testcase
20230220 16:28:39 INFO  [main] salesforceFWTest.BaseTest BaseTest.java81 - UserNameEletext entered
20230220 16:28:39 INFO  [main] salesforceFWTest.BaseTest BaseTest.java81 - PassWordEletext entered
20230220 16:28:51 INFO  [main] salesforceFWTest.AutomationSF AutomationSF.java107 - Please check your username and password. If you still can't log in, contact your Salesforce administrator.
20230220 16:28:51 INFO  [main] salesforceFWTest.AutomationSF AutomationSF.java108 - Testcase ended
20230220 16:28:51 INFO  [main] salesforceFWTest.BaseTest BaseTest.java48 - Testscript name = forgotPasswordTest4B
20230220 16:28:52 INFO  [main] salesforceFWTest.AutomationSF AutomationSF.java113 -  inside Testcase
20230220 16:28:55 INFO  [main] salesforceFWTest.AutomationSF AutomationSF.java118 - forgotpassword page displayed
20230220 16:28:55 INFO  [main] salesforceFWTest.AutomationSF AutomationSF.java119 - Testcase ended
20230220 16:28:56 INFO  [main] salesforceFWTest.BaseTest BaseTest.java48 - Testscript name = loginSuccess2
20230220 16:28:57 INFO  [main] salesforceFWTest.AutomationSF AutomationSF.java54 -  inside Testcase
20230220 16:29:00 INFO  [main] salesforceFWTest.BaseTest BaseTest.java81 - UserNameEletext entered
20230220 16:29:00 INFO  [main] salesforceFWTest.BaseTest BaseTest.java81 - PassWordEletext entered
20230220 16:29:09 INFO  [main] salesforceFWTest.AutomationSF AutomationSF.java70 - Salesforce - Essentials EditionTestcase passed
20230220 16:29:09 INFO  [main] salesforceFWTest.AutomationSF AutomationSF.java71 - Testcase ended
20230220 16:29:09 INFO  [main] salesforceFWTest.BaseTest BaseTest.java48 - Testscript name = rememberme3
20230220 16:29:10 INFO  [main] salesforceFWTest.AutomationSF AutomationSF.java76 -  inside Testcase
20230220 16:29:10 INFO  [main] salesforceFWTest.BaseTest BaseTest.java81 - UserNameEletext entered
20230220 16:29:10 INFO  [main] salesforceFWTest.BaseTest BaseTest.java81 - PassWordEletext entered
20230220 16:29:11 INFO  [main] salesforceFWTest.AutomationSF AutomationSF.java86 - login success
20230220 16:29:12 INFO  [main] salesforceFWTest.AutomationSF AutomationSF.java88 - Testcase passed
20230220 16:29:12 INFO  [main] salesforceFWTest.BaseTest BaseTest.java48 - Testscript name = saveandNew32
20230220 16:29:13 INFO  [main] salesforceFWTest.AutomationSF AutomationSF.java832 -  inside Testcase
20230220 16:29:16 INFO  [main] salesforceFWTest.BaseTest BaseTest.java81 - UserNameEletext entered
20230220 16:29:16 INFO  [main] salesforceFWTest.BaseTest BaseTest.java81 - PassWordEletext entered
20230220 16:29:31 INFO  [main] salesforceFWTest.BaseTest BaseTest.java48 - Testscript name = userPost6
20230220 16:29:32 INFO  [main] salesforceFWTest.AutomationSF AutomationSF.java221 -  inside Testcase
20230220 16:29:35 INFO  [main] salesforceFWTest.BaseTest BaseTest.java81 - UserNameEletext entered
20230220 16:29:36 INFO  [main] salesforceFWTest.BaseTest BaseTest.java81 - PassWordEletext entered
20230220 16:29:42 INFO  [main] salesforceFWTest.BaseTest BaseTest.java48 - Testscript name = usermenudropdown7
20230220 16:29:43 INFO  [main] salesforceFWTest.AutomationSF AutomationSF.java146 -  inside Testcase
20230220 16:29:46 INFO  [main] salesforceFWTest.BaseTest BaseTest.java81 - UserNameEletext entered
20230220 16:29:46 INFO  [main] salesforceFWTest.BaseTest BaseTest.java81 - PassWordEletext entered
20230220 16:29:52 INFO  [main] salesforceFWTest.AutomationSF AutomationSF.java155 - My Settings
20230220 16:29:52 INFO  [main] salesforceFWTest.AutomationSF AutomationSF.java158 - user profile dropdown menu displayed
20230220 16:29:55 INFO  [main] salesforceFWTest.AutomationSF AutomationSF.java161 - my Settings page displayed
20230220 16:29:56 INFO  [main] salesforceFWTest.AutomationSF AutomationSF.java164 - login history displayed
20230220 16:30:06 INFO  [main] salesforceFWTest.AutomationSF AutomationSF.java170 - .csv file  downloaded
20230220 16:30:18 INFO  [main] salesforceFWTest.AutomationSF AutomationSF.java182 - Reports field added to selected tab list
20230220 16:30:26 INFO  [main] salesforceFWTest.AutomationSF AutomationSF.java200 - mail options and my Settings page displayed
20230220 16:49:04 INFO  [main] salesforceFWTest.BaseTest BaseTest.java48 - Testscript name = Error_login_salesforece1
20230220 16:49:06 INFO  [main] salesforceFWTest.AutomationSF AutomationSF.java28 -  inside Testcase
20230220 16:49:09 INFO  [main] salesforceFWTest.AutomationSF AutomationSF.java36 - tag name from the username fieldinput
20230220 16:49:09 INFO  [main] salesforceFWTest.BaseTest BaseTest.java81 - UserNameEletext entered
20230220 16:49:09 INFO  [main] salesforceFWTest.BaseTest BaseTest.java81 - PassWordEletext entered
20230220 16:49:12 ERROR [main] salesforceFWTest.AutomationSF AutomationSF.java44 - Please enter your password.
20230220 16:49:12 INFO  [main] salesforceFWTest.AutomationSF AutomationSF.java45 - Testcase ended
20230220 16:49:13 INFO  [main] salesforceFWTest.BaseTest BaseTest.java48 - Testscript name = blockEvent37
20230220 16:49:14 INFO  [main] salesforceFWTest.AutomationSF AutomationSF.java987 -  inside Testcase
20230220 16:49:17 INFO  [main] salesforceFWTest.BaseTest BaseTest.java81 - UserNameEletext entered
20230220 16:49:17 INFO  [main] salesforceFWTest.BaseTest BaseTest.java81 - PassWordEletext entered
20230220 16:49:26 INFO  [main] salesforceFWTest.BaseTest BaseTest.java48 - Testscript name = blockingEvent36
20230220 16:49:28 INFO  [main] salesforceFWTest.AutomationSF AutomationSF.java967 -  inside Testcase
20230220 16:49:31 INFO  [main] salesforceFWTest.BaseTest BaseTest.java81 - UserNameEletext entered
20230220 16:49:31 INFO  [main] salesforceFWTest.BaseTest BaseTest.java81 - PassWordEletext entered
20230220 16:49:39 INFO  [main] salesforceFWTest.BaseTest BaseTest.java48 - Testscript name = checkCancelbutton31
20230220 16:49:40 INFO  [main] salesforceFWTest.AutomationSF AutomationSF.java846 -  inside Testcase
20230220 16:49:43 INFO  [main] salesforceFWTest.BaseTest BaseTest.java81 - UserNameEletext entered
20230220 16:49:43 INFO  [main] salesforceFWTest.BaseTest BaseTest.java81 - PassWordEletext entered
20230220 16:50:09 INFO  [main] salesforceFWTest.AutomationSF AutomationSF.java859 - Contacts home page displayed and ABCD not created
20230220 16:50:09 INFO  [main] salesforceFWTest.AutomationSF AutomationSF.java861 - Testcase ended
20230220 16:50:09 INFO  [main] salesforceFWTest.BaseTest BaseTest.java48 - Testscript name = checkErrormessage30
20230220 16:50:11 INFO  [main] salesforceFWTest.AutomationSF AutomationSF.java825 -  inside Testcase
20230220 16:50:14 INFO  [main] salesforceFWTest.BaseTest BaseTest.java81 - UserNameEletext entered
20230220 16:50:14 INFO  [main] salesforceFWTest.BaseTest BaseTest.java81 - PassWordEletext entered
20230220 16:50:24 INFO  [main] salesforceFWTest.AutomationSF AutomationSF.java835 - Error message displayed
20230220 16:50:24 INFO  [main] salesforceFWTest.AutomationSF AutomationSF.java837 - Testcase ended
20230220 16:50:24 INFO  [main] salesforceFWTest.BaseTest BaseTest.java48 - Testscript name = checkUsernameTest5
20230220 16:50:25 INFO  [main] salesforceFWTest.AutomationSF AutomationSF.java125 -  inside Testcase
20230220 16:50:25 INFO  [main] salesforceFWTest.BaseTest BaseTest.java81 - UserNameEletext entered
20230220 16:50:25 INFO  [main] salesforceFWTest.BaseTest BaseTest.java81 - PassWordEletext entered
20230220 16:50:30 INFO  [main] salesforceFWTest.AutomationSF AutomationSF.java139 - kanchana Santhosh
20230220 16:50:30 INFO  [main] salesforceFWTest.AutomationSF AutomationSF.java140 - Testcase ended
20230220 16:50:30 INFO  [main] salesforceFWTest.BaseTest BaseTest.java48 - Testscript name = checkrecentContact27
20230220 16:50:31 INFO  [main] salesforceFWTest.AutomationSF AutomationSF.java751 -  inside Testcase
20230220 16:50:35 INFO  [main] salesforceFWTest.BaseTest BaseTest.java81 - UserNameEletext entered
20230220 16:50:35 INFO  [main] salesforceFWTest.BaseTest BaseTest.java81 - PassWordEletext entered
20230220 16:50:44 INFO  [main] salesforceFWTest.AutomationSF AutomationSF.java759 - recently created contact diaplayed
20230220 16:50:44 INFO  [main] salesforceFWTest.AutomationSF AutomationSF.java761 - Testcase ended
20230220 16:50:44 INFO  [main] salesforceFWTest.BaseTest BaseTest.java48 - Testscript name = createAcount10
20230220 16:50:46 INFO  [main] salesforceFWTest.AutomationSF AutomationSF.java351 -  inside Testcase
20230220 16:50:49 INFO  [main] salesforceFWTest.BaseTest BaseTest.java81 - UserNameEletext entered
20230220 16:50:49 INFO  [main] salesforceFWTest.BaseTest BaseTest.java81 - PassWordEletext entered
20230220 16:50:56 INFO  [main] salesforceFWTest.BaseTest BaseTest.java48 - Testscript name = createcontact25
20230220 16:50:57 INFO  [main] salesforceFWTest.AutomationSF AutomationSF.java705 -  inside Testcase
20230220 16:51:00 INFO  [main] salesforceFWTest.BaseTest BaseTest.java81 - UserNameEletext entered
20230220 16:51:00 INFO  [main] salesforceFWTest.BaseTest BaseTest.java81 - PassWordEletext entered
20230220 16:51:09 INFO  [main] salesforceFWTest.BaseTest BaseTest.java48 - Testscript name = createleadview24
20230220 16:51:10 INFO  [main] salesforceFWTest.AutomationSF AutomationSF.java684 -  inside Testcase
20230220 16:51:13 INFO  [main] salesforceFWTest.BaseTest BaseTest.java81 - UserNameEletext entered
20230220 16:51:13 INFO  [main] salesforceFWTest.BaseTest BaseTest.java81 - PassWordEletext entered
20230220 16:51:26 INFO  [main] salesforceFWTest.BaseTest BaseTest.java48 - Testscript name = createnewview11
20230220 16:51:27 INFO  [main] salesforceFWTest.AutomationSF AutomationSF.java374 -  inside Testcase
20230220 16:51:30 INFO  [main] salesforceFWTest.BaseTest BaseTest.java81 - UserNameEletext entered
20230220 16:51:30 INFO  [main] salesforceFWTest.BaseTest BaseTest.java81 - PassWordEletext entered
20230220 16:51:43 INFO  [main] salesforceFWTest.AutomationSF AutomationSF.java387 - new view created
20230220 16:51:43 INFO  [main] salesforceFWTest.AutomationSF AutomationSF.java389 - Testcase ended
20230220 16:51:43 INFO  [main] salesforceFWTest.BaseTest BaseTest.java48 - Testscript name = createviewpage26
20230220 16:51:44 INFO  [main] salesforceFWTest.AutomationSF AutomationSF.java727 -  inside Testcase
20230220 16:51:48 INFO  [main] salesforceFWTest.BaseTest BaseTest.java81 - UserNameEletext entered
20230220 16:51:48 INFO  [main] salesforceFWTest.BaseTest BaseTest.java81 - PassWordEletext entered
20230220 16:51:55 INFO  [main] salesforceFWTest.BaseTest BaseTest.java48 - Testscript name = customizeTab35
20230220 16:51:56 INFO  [main] salesforceFWTest.AutomationSF AutomationSF.java941 -  inside Testcase
20230220 16:51:59 INFO  [main] salesforceFWTest.BaseTest BaseTest.java81 - UserNameEletext entered
20230220 16:51:59 INFO  [main] salesforceFWTest.BaseTest BaseTest.java81 - PassWordEletext entered
20230220 16:52:11 INFO  [main] salesforceFWTest.BaseTest BaseTest.java48 - Testscript name = defaultView22
20230220 16:52:12 INFO  [main] salesforceFWTest.AutomationSF AutomationSF.java634 -  inside Testcase
20230220 16:52:16 INFO  [main] salesforceFWTest.BaseTest BaseTest.java81 - UserNameEletext entered
20230220 16:52:16 INFO  [main] salesforceFWTest.BaseTest BaseTest.java81 - PassWordEletext entered
20230220 16:52:28 INFO  [main] salesforceFWTest.BaseTest BaseTest.java48 - Testscript name = developerconsole8
20230220 16:52:33 INFO  [main] salesforceFWTest.BaseTest BaseTest.java81 - UserNameEletext entered
20230220 16:52:33 INFO  [main] salesforceFWTest.BaseTest BaseTest.java81 - PassWordEletext entered
20230220 16:52:39 INFO  [main] salesforceFWTest.AutomationSF AutomationSF.java305 - inside the testcase
20230220 16:52:39 INFO  [main] salesforceFWTest.AutomationSF AutomationSF.java312 - My Settings
20230220 16:52:42 INFO  [main] salesforceFWTest.AutomationSF AutomationSF.java316 - user dropdown menu displayed with options
20230220 16:52:47 INFO  [main] salesforceFWTest.AutomationSF AutomationSF.java326 - testcases ended
20230220 16:52:47 INFO  [main] salesforceFWTest.BaseTest BaseTest.java48 - Testscript name = developerconsole9
20230220 16:52:51 INFO  [main] salesforceFWTest.BaseTest BaseTest.java81 - UserNameEletext entered
20230220 16:52:52 INFO  [main] salesforceFWTest.BaseTest BaseTest.java81 - PassWordEletext entered
20230220 16:52:57 INFO  [main] salesforceFWTest.AutomationSF AutomationSF.java332 -  inside Testcase
20230220 16:52:57 INFO  [main] salesforceFWTest.AutomationSF AutomationSF.java341 - dropdown option selected
20230220 16:53:01 INFO  [main] salesforceFWTest.AutomationSF AutomationSF.java346 - logout successfully
20230220 16:53:01 INFO  [main] salesforceFWTest.BaseTest BaseTest.java48 - Testscript name = editLastname34
20230220 16:53:02 INFO  [main] salesforceFWTest.AutomationSF AutomationSF.java910 -  inside Testcase
20230220 16:53:06 INFO  [main] salesforceFWTest.BaseTest BaseTest.java81 - UserNameEletext entered
20230220 16:53:06 INFO  [main] salesforceFWTest.BaseTest BaseTest.java81 - PassWordEletext entered
20230220 16:53:28 INFO  [main] salesforceFWTest.AutomationSF AutomationSF.java930 - Lastname updated
20230220 16:53:28 INFO  [main] salesforceFWTest.AutomationSF AutomationSF.java932 - first and lastname verified
20230220 16:53:28 INFO  [main] salesforceFWTest.BaseTest BaseTest.java48 - Testscript name = forgotPasswordTest4
20230220 16:53:30 INFO  [main] salesforceFWTest.AutomationSF AutomationSF.java94 -  inside Testcase
20230220 16:53:30 INFO  [main] salesforceFWTest.BaseTest BaseTest.java81 - UserNameEletext entered
20230220 16:53:30 INFO  [main] salesforceFWTest.BaseTest BaseTest.java81 - PassWordEletext entered
20230220 16:53:41 INFO  [main] salesforceFWTest.AutomationSF AutomationSF.java107 - Please check your username and password. If you still can't log in, contact your Salesforce administrator.
20230220 16:53:41 INFO  [main] salesforceFWTest.AutomationSF AutomationSF.java108 - Testcase ended
20230220 16:53:41 INFO  [main] salesforceFWTest.BaseTest BaseTest.java48 - Testscript name = forgotPasswordTest4B
20230220 16:53:42 INFO  [main] salesforceFWTest.AutomationSF AutomationSF.java113 -  inside Testcase
20230220 16:53:46 INFO  [main] salesforceFWTest.AutomationSF AutomationSF.java118 - forgotpassword page displayed
20230220 16:53:46 INFO  [main] salesforceFWTest.AutomationSF AutomationSF.java119 - Testcase ended
20230220 16:53:46 INFO  [main] salesforceFWTest.BaseTest BaseTest.java48 - Testscript name = leadsTab20
20230220 16:53:47 INFO  [main] salesforceFWTest.AutomationSF AutomationSF.java585 -  inside Testcase
20230220 16:53:50 INFO  [main] salesforceFWTest.BaseTest BaseTest.java81 - UserNameEletext entered
20230220 16:53:50 INFO  [main] salesforceFWTest.BaseTest BaseTest.java81 - PassWordEletext entered
20230220 16:54:00 INFO  [main] salesforceFWTest.AutomationSF AutomationSF.java595 - Leads home page displayed 
20230220 16:54:00 INFO  [main] salesforceFWTest.AutomationSF AutomationSF.java597 - Testcase ended
20230220 16:54:00 INFO  [main] salesforceFWTest.BaseTest BaseTest.java48 - Testscript name = leadview23
20230220 16:54:01 INFO  [main] salesforceFWTest.AutomationSF AutomationSF.java662 -  inside Testcase
20230220 16:54:05 INFO  [main] salesforceFWTest.BaseTest BaseTest.java81 - UserNameEletext entered
20230220 16:54:05 INFO  [main] salesforceFWTest.BaseTest BaseTest.java81 - PassWordEletext entered
20230220 16:54:12 INFO  [main] salesforceFWTest.BaseTest BaseTest.java48 - Testscript name = loginSuccess2
20230220 16:54:13 INFO  [main] salesforceFWTest.AutomationSF AutomationSF.java54 -  inside Testcase
20230220 16:54:16 INFO  [main] salesforceFWTest.BaseTest BaseTest.java81 - UserNameEletext entered
20230220 16:54:17 INFO  [main] salesforceFWTest.BaseTest BaseTest.java81 - PassWordEletext entered
20230220 16:54:27 INFO  [main] salesforceFWTest.AutomationSF AutomationSF.java70 - Salesforce - Essentials EditionTestcase passed
20230220 16:54:27 INFO  [main] salesforceFWTest.AutomationSF AutomationSF.java71 - Testcase ended
20230220 16:54:27 INFO  [main] salesforceFWTest.BaseTest BaseTest.java48 - Testscript name = mergeAccounts13
20230220 16:54:28 INFO  [main] salesforceFWTest.AutomationSF AutomationSF.java427 -  inside Testcase
20230220 16:54:31 INFO  [main] salesforceFWTest.BaseTest BaseTest.java81 - UserNameEletext entered
20230220 16:54:32 INFO  [main] salesforceFWTest.BaseTest BaseTest.java81 - PassWordEletext entered
20230220 16:54:48 INFO  [main] salesforceFWTest.BaseTest BaseTest.java48 - Testscript name = myContacts28
20230220 16:54:50 INFO  [main] salesforceFWTest.AutomationSF AutomationSF.java769 -  inside Testcase
20230220 16:54:53 INFO  [main] salesforceFWTest.BaseTest BaseTest.java81 - UserNameEletext entered
20230220 16:54:53 INFO  [main] salesforceFWTest.BaseTest BaseTest.java81 - PassWordEletext entered
20230220 16:55:02 INFO  [main] salesforceFWTest.AutomationSF AutomationSF.java777 - My Contacts view page displayed
20230220 16:55:02 INFO  [main] salesforceFWTest.AutomationSF AutomationSF.java779 - Testcase ended
20230220 16:55:02 INFO  [main] salesforceFWTest.BaseTest BaseTest.java48 - Testscript name = opportunity15
20230220 16:55:03 INFO  [main] salesforceFWTest.AutomationSF AutomationSF.java476 -  inside Testcase
20230220 16:55:06 INFO  [main] salesforceFWTest.BaseTest BaseTest.java81 - UserNameEletext entered
20230220 16:55:06 INFO  [main] salesforceFWTest.BaseTest BaseTest.java81 - PassWordEletext entered
20230220 16:55:20 INFO  [main] salesforceFWTest.AutomationSF AutomationSF.java483 - Opportunities drop down displayed
20230220 16:55:20 INFO  [main] salesforceFWTest.AutomationSF AutomationSF.java485 - Testcase ended
20230220 16:55:20 INFO  [main] salesforceFWTest.BaseTest BaseTest.java48 - Testscript name = opportunity16
20230220 16:55:21 INFO  [main] salesforceFWTest.AutomationSF AutomationSF.java492 -  inside Testcase
20230220 16:55:25 INFO  [main] salesforceFWTest.BaseTest BaseTest.java81 - UserNameEletext entered
20230220 16:55:25 INFO  [main] salesforceFWTest.BaseTest BaseTest.java81 - PassWordEletext entered
20230220 16:55:37 INFO  [main] salesforceFWTest.BaseTest BaseTest.java48 - Testscript name = opportunity17
20230220 16:55:39 INFO  [main] salesforceFWTest.AutomationSF AutomationSF.java530 -  inside Testcase
20230220 16:55:42 INFO  [main] salesforceFWTest.BaseTest BaseTest.java81 - UserNameEletext entered
20230220 16:55:42 INFO  [main] salesforceFWTest.BaseTest BaseTest.java81 - PassWordEletext entered
20230220 16:55:55 INFO  [main] salesforceFWTest.AutomationSF AutomationSF.java537 - Opportunities with report page displayed
20230220 16:55:55 INFO  [main] salesforceFWTest.AutomationSF AutomationSF.java539 - Testcase ended
20230220 16:55:55 INFO  [main] salesforceFWTest.BaseTest BaseTest.java48 - Testscript name = opportunity18
20230220 16:55:56 INFO  [main] salesforceFWTest.AutomationSF AutomationSF.java547 -  inside Testcase
20230220 16:55:59 INFO  [main] salesforceFWTest.BaseTest BaseTest.java81 - UserNameEletext entered
20230220 16:55:59 INFO  [main] salesforceFWTest.BaseTest BaseTest.java81 - PassWordEletext entered
20230220 16:56:18 INFO  [main] salesforceFWTest.AutomationSF AutomationSF.java554 - stuck oppprtunities displayed
20230220 16:56:18 INFO  [main] salesforceFWTest.AutomationSF AutomationSF.java556 - Testcase ended
20230220 16:56:18 INFO  [main] salesforceFWTest.BaseTest BaseTest.java48 - Testscript name = opportunity19
20230220 16:56:19 INFO  [main] salesforceFWTest.AutomationSF AutomationSF.java563 -  inside Testcase
20230220 16:56:22 INFO  [main] salesforceFWTest.BaseTest BaseTest.java81 - UserNameEletext entered
20230220 16:56:22 INFO  [main] salesforceFWTest.BaseTest BaseTest.java81 - PassWordEletext entered
20230220 16:56:34 INFO  [main] salesforceFWTest.AutomationSF AutomationSF.java575 - report page with opportunities satisfied criteria 
20230220 16:56:34 INFO  [main] salesforceFWTest.AutomationSF AutomationSF.java577 - Testcase ended
20230220 16:56:34 INFO  [main] salesforceFWTest.BaseTest BaseTest.java48 - Testscript name = rememberme3
20230220 16:56:36 INFO  [main] salesforceFWTest.AutomationSF AutomationSF.java76 -  inside Testcase
20230220 16:56:36 INFO  [main] salesforceFWTest.BaseTest BaseTest.java81 - UserNameEletext entered
20230220 16:56:36 INFO  [main] salesforceFWTest.BaseTest BaseTest.java81 - PassWordEletext entered
20230220 16:56:36 INFO  [main] salesforceFWTest.AutomationSF AutomationSF.java86 - login success
20230220 16:56:37 INFO  [main] salesforceFWTest.AutomationSF AutomationSF.java88 - Testcase passed
20230220 16:56:37 INFO  [main] salesforceFWTest.BaseTest BaseTest.java48 - Testscript name = saveandNew32
20230220 16:56:38 INFO  [main] salesforceFWTest.AutomationSF AutomationSF.java867 -  inside Testcase
20230220 16:56:41 INFO  [main] salesforceFWTest.BaseTest BaseTest.java81 - UserNameEletext entered
20230220 16:56:42 INFO  [main] salesforceFWTest.BaseTest BaseTest.java81 - PassWordEletext entered
20230220 16:56:51 INFO  [main] salesforceFWTest.BaseTest BaseTest.java48 - Testscript name = selectview21
20230220 16:56:52 INFO  [main] salesforceFWTest.AutomationSF AutomationSF.java605 -  inside Testcase
20230220 16:56:55 INFO  [main] salesforceFWTest.BaseTest BaseTest.java81 - UserNameEletext entered
20230220 16:56:55 INFO  [main] salesforceFWTest.BaseTest BaseTest.java81 - PassWordEletext entered
20230220 16:57:06 INFO  [main] salesforceFWTest.AutomationSF AutomationSF.java624 - Leads dropdown contents displayed 
20230220 16:57:06 INFO  [main] salesforceFWTest.AutomationSF AutomationSF.java626 - Testcase ended
20230220 16:57:06 INFO  [main] salesforceFWTest.BaseTest BaseTest.java48 - Testscript name = userPost6
20230220 16:57:07 INFO  [main] salesforceFWTest.AutomationSF AutomationSF.java221 -  inside Testcase
20230220 16:57:10 INFO  [main] salesforceFWTest.BaseTest BaseTest.java81 - UserNameEletext entered
20230220 16:57:10 INFO  [main] salesforceFWTest.BaseTest BaseTest.java81 - PassWordEletext entered
20230220 16:57:20 INFO  [main] salesforceFWTest.AutomationSF AutomationSF.java234 - message posted
20230220 16:57:22 INFO  [main] salesforceFWTest.BaseTest BaseTest.java48 - Testscript name = usermenudropdown7
20230220 16:57:23 INFO  [main] salesforceFWTest.AutomationSF AutomationSF.java146 -  inside Testcase
20230220 16:57:26 INFO  [main] salesforceFWTest.BaseTest BaseTest.java81 - UserNameEletext entered
20230220 16:57:26 INFO  [main] salesforceFWTest.BaseTest BaseTest.java81 - PassWordEletext entered
20230220 16:57:48 INFO  [main] salesforceFWTest.AutomationSF AutomationSF.java155 - My Settings
20230220 16:57:48 INFO  [main] salesforceFWTest.AutomationSF AutomationSF.java158 - user profile dropdown menu displayed
20230220 16:57:51 INFO  [main] salesforceFWTest.AutomationSF AutomationSF.java161 - my Settings page displayed
20230220 16:57:52 INFO  [main] salesforceFWTest.AutomationSF AutomationSF.java164 - login history displayed
20230220 16:57:59 INFO  [main] salesforceFWTest.AutomationSF AutomationSF.java170 - .csv file  downloaded
20230220 16:58:11 INFO  [main] salesforceFWTest.AutomationSF AutomationSF.java182 - Reports field added to selected tab list
20230220 16:58:20 INFO  [main] salesforceFWTest.AutomationSF AutomationSF.java200 - mail options and my Settings page displayed
20230220 16:58:20 INFO  [main] salesforceFWTest.BaseTest BaseTest.java48 - Testscript name = verifyName33
20230220 16:58:22 INFO  [main] salesforceFWTest.AutomationSF AutomationSF.java890 -  inside Testcase
20230220 16:58:25 INFO  [main] salesforceFWTest.BaseTest BaseTest.java81 - UserNameEletext entered
20230220 16:58:25 INFO  [main] salesforceFWTest.BaseTest BaseTest.java81 - PassWordEletext entered
20230220 16:58:43 INFO  [main] salesforceFWTest.AutomationSF AutomationSF.java901 - first and lastname verified
20230220 16:58:43 INFO  [main] salesforceFWTest.AutomationSF AutomationSF.java903 - first and lastname verified
20230220 16:58:43 INFO  [main] salesforceFWTest.BaseTest BaseTest.java48 - Testscript name = viewContact29
20230220 16:58:44 INFO  [main] salesforceFWTest.AutomationSF AutomationSF.java788 -  inside Testcase
20230220 16:58:47 INFO  [main] salesforceFWTest.BaseTest BaseTest.java81 - UserNameEletext entered
20230220 16:58:48 INFO  [main] salesforceFWTest.BaseTest BaseTest.java81 - PassWordEletext entered
20230220 16:59:01 INFO  [main] salesforceFWTest.AutomationSF AutomationSF.java810 - Santhosh
20230220 16:59:01 INFO  [main] salesforceFWTest.AutomationSF AutomationSF.java810 -  
20230220 16:59:01 INFO  [main] salesforceFWTest.AutomationSF AutomationSF.java810 - Santhosh
20230220 16:59:01 INFO  [main] salesforceFWTest.AutomationSF AutomationSF.java810 -  
20230220 16:59:01 INFO  [main] salesforceFWTest.AutomationSF AutomationSF.java810 - Trail Expert Co. (Sample)
20230220 16:59:01 INFO  [main] salesforceFWTest.AutomationSF AutomationSF.java810 - 323.444.4444
20230220 16:59:01 INFO  [main] salesforceFWTest.AutomationSF AutomationSF.java810 - Trail Expert Co. (Sample)
20230220 16:59:01 INFO  [main] salesforceFWTest.AutomationSF AutomationSF.java810 - 415.555.5555
20230220 16:59:01 INFO  [main] salesforceFWTest.AutomationSF AutomationSF.java810 - River Mountain Outfitters (Sample)
20230220 16:59:01 INFO  [main] salesforceFWTest.AutomationSF AutomationSF.java810 - 501.777.7777
20230220 16:59:01 INFO  [main] salesforceFWTest.AutomationSF AutomationSF.java810 - Back Country Outpost (Sample)
20230220 16:59:01 INFO  [main] salesforceFWTest.AutomationSF AutomationSF.java810 - 1-800-667-6389
20230220 16:59:01 INFO  [main] salesforceFWTest.AutomationSF AutomationSF.java810 - GetOutdoors.com (Sample)
20230220 16:59:01 INFO  [main] salesforceFWTest.AutomationSF AutomationSF.java810 - 1-800-667-6389
20230220 16:59:01 INFO  [main] salesforceFWTest.AutomationSF AutomationSF.java810 - National Parks Gear (Sample)
20230220 16:59:01 INFO  [main] salesforceFWTest.AutomationSF AutomationSF.java810 - 1-800-667-6389
20230220 16:59:01 INFO  [main] salesforceFWTest.AutomationSF AutomationSF.java810 - BigLife Inc. (Sample)
20230220 16:59:02 INFO  [main] salesforceFWTest.AutomationSF AutomationSF.java810 - 1-800-667-6389
20230220 16:59:02 INFO  [main] salesforceFWTest.AutomationSF AutomationSF.java810 - GetOutdoors.com (Sample)
20230220 16:59:02 INFO  [main] salesforceFWTest.AutomationSF AutomationSF.java810 - 1-800-667-6389
20230220 16:59:02 INFO  [main] salesforceFWTest.AutomationSF AutomationSF.java815 - contact page with information displayed
20230220 16:59:02 INFO  [main] salesforceFWTest.AutomationSF AutomationSF.java817 - Testcase ended
